<?xml version="1.0" encoding="UTF-8"?>
<testng-results skipped="0" failed="2" ignored="0" total="3" passed="1">
  <reporter-output>
    <line>
      <![CDATA[Click on start buttonProxy element for: DefaultElementLocator 'By.xpath: (//a[normalize-space()='Start now'])[1]'<br>]]>
    </line>
    <line>
      <![CDATA[select nationality[[ChromeDriver: chrome on WINDOWS (73efd5b6a65d8797a2d480ade413c746)] -> xpath: //select[@class='govuk-select']]<br>]]>
    </line>
    <line>
      <![CDATA[Click on start buttonProxy element for: DefaultElementLocator 'By.xpath: (//a[normalize-space()='Start now'])[1]'<br>]]>
    </line>
    <line>
      <![CDATA[select nationality[[ChromeDriver: chrome on WINDOWS (111bd7b2dc113e6c705cd82c566dc0ba)] -> xpath: //select[@class='govuk-select']]<br>]]>
    </line>
    <line>
      <![CDATA[Click on start buttonProxy element for: DefaultElementLocator 'By.xpath: (//a[normalize-space()='Start now'])[1]'<br>]]>
    </line>
    <line>
      <![CDATA[select nationality[[ChromeDriver: chrome on WINDOWS (56b0c5a114380d28be60f80ec81e026a)] -> xpath: //select[@class='govuk-select']]<br>]]>
    </line>
  </reporter-output>
  <suite name="sanity suite" duration-ms="125838" started-at="2022-05-10T20:26:02 BST" finished-at="2022-05-10T20:28:08 BST">
    <groups>
      <group name="regression">
        <method signature="VisaConfirmationTest.aChileanComingToTheUKForWorkAndPlansOnStayingForLongerThanSixMonths(java.lang.String,java.lang.String,java.lang.String,java.lang.String,java.lang.String)[pri:0, instance:gov.uk.check.visa.testsuite.VisaConfirmationTest@53f65459]" name="aChileanComingToTheUKForWorkAndPlansOnStayingForLongerThanSixMonths" class="gov.uk.check.visa.testsuite.VisaConfirmationTest"/>
        <method signature="VisaConfirmationTest.aColumbianNationalComingToTheUKToJoinAPartnerForALongStayTheyDoHaveAnArticle10Or20Card(java.lang.String,java.lang.String,java.lang.String,java.lang.String)[pri:0, instance:gov.uk.check.visa.testsuite.VisaConfirmationTest@53f65459]" name="aColumbianNationalComingToTheUKToJoinAPartnerForALongStayTheyDoHaveAnArticle10Or20Card" class="gov.uk.check.visa.testsuite.VisaConfirmationTest"/>
        <method signature="VisaConfirmationTest.anAustralianComingToUKForTourism(java.lang.String,java.lang.String,java.lang.String)[pri:0, instance:gov.uk.check.visa.testsuite.VisaConfirmationTest@53f65459]" name="anAustralianComingToUKForTourism" class="gov.uk.check.visa.testsuite.VisaConfirmationTest"/>
      </group> <!-- regression -->
      <group name="smoke">
        <method signature="VisaConfirmationTest.aChileanComingToTheUKForWorkAndPlansOnStayingForLongerThanSixMonths(java.lang.String,java.lang.String,java.lang.String,java.lang.String,java.lang.String)[pri:0, instance:gov.uk.check.visa.testsuite.VisaConfirmationTest@53f65459]" name="aChileanComingToTheUKForWorkAndPlansOnStayingForLongerThanSixMonths" class="gov.uk.check.visa.testsuite.VisaConfirmationTest"/>
      </group> <!-- smoke -->
      <group name="sanity">
        <method signature="VisaConfirmationTest.anAustralianComingToUKForTourism(java.lang.String,java.lang.String,java.lang.String)[pri:0, instance:gov.uk.check.visa.testsuite.VisaConfirmationTest@53f65459]" name="anAustralianComingToUKForTourism" class="gov.uk.check.visa.testsuite.VisaConfirmationTest"/>
      </group> <!-- sanity -->
    </groups>
    <test name="VisaTest" duration-ms="125838" started-at="2022-05-10T20:26:02 BST" finished-at="2022-05-10T20:28:08 BST">
      <class name="gov.uk.check.visa.testsuite.VisaConfirmationTest">
        <test-method status="PASS" signature="setUp()[pri:0, instance:gov.uk.check.visa.testsuite.VisaConfirmationTest@53f65459]" name="setUp" is-config="true" duration-ms="9438" started-at="2022-05-10T20:26:02 BST" finished-at="2022-05-10T20:26:12 BST">
          <reporter-output>
          </reporter-output>
        </test-method> <!-- setUp -->
        <test-method status="PASS" signature="inIt()[pri:0, instance:gov.uk.check.visa.testsuite.VisaConfirmationTest@53f65459]" name="inIt" is-config="true" duration-ms="114" started-at="2022-05-10T20:26:12 BST" finished-at="2022-05-10T20:26:12 BST">
          <reporter-output>
          </reporter-output>
        </test-method> <!-- inIt -->
        <test-method status="PASS" signature="aChileanComingToTheUKForWorkAndPlansOnStayingForLongerThanSixMonths(java.lang.String,java.lang.String,java.lang.String,java.lang.String,java.lang.String)[pri:0, instance:gov.uk.check.visa.testsuite.VisaConfirmationTest@53f65459]" name="aChileanComingToTheUKForWorkAndPlansOnStayingForLongerThanSixMonths" duration-ms="22235" started-at="2022-05-10T20:26:12 BST" finished-at="2022-05-10T20:26:34 BST">
          <params>
            <param index="0">
              <value>
                <![CDATA[Chile]]>
              </value>
            </param>
            <param index="1">
              <value>
                <![CDATA[Work, academic visit or business]]>
              </value>
            </param>
            <param index="2">
              <value>
                <![CDATA[You need a visa to work in health and care]]>
              </value>
            </param>
            <param index="3">
              <value>
                <![CDATA[longer than 6 months]]>
              </value>
            </param>
            <param index="4">
              <value>
                <![CDATA[Health and care professional]]>
              </value>
            </param>
          </params>
          <reporter-output>
            <line>
              <![CDATA[Click on start buttonProxy element for: DefaultElementLocator 'By.xpath: (//a[normalize-space()='Start now'])[1]'<br>]]>
            </line>
            <line>
              <![CDATA[select nationality[[ChromeDriver: chrome on WINDOWS (73efd5b6a65d8797a2d480ade413c746)] -> xpath: //select[@class='govuk-select']]<br>]]>
            </line>
          </reporter-output>
        </test-method> <!-- aChileanComingToTheUKForWorkAndPlansOnStayingForLongerThanSixMonths -->
        <test-method status="PASS" signature="tearDown()[pri:0, instance:gov.uk.check.visa.testsuite.VisaConfirmationTest@53f65459]" name="tearDown" is-config="true" duration-ms="926" started-at="2022-05-10T20:26:34 BST" finished-at="2022-05-10T20:26:35 BST">
          <reporter-output>
          </reporter-output>
        </test-method> <!-- tearDown -->
        <test-method status="PASS" signature="setUp()[pri:0, instance:gov.uk.check.visa.testsuite.VisaConfirmationTest@53f65459]" name="setUp" is-config="true" duration-ms="3036" started-at="2022-05-10T20:26:35 BST" finished-at="2022-05-10T20:26:38 BST">
          <reporter-output>
          </reporter-output>
        </test-method> <!-- setUp -->
        <test-method status="PASS" signature="inIt()[pri:0, instance:gov.uk.check.visa.testsuite.VisaConfirmationTest@53f65459]" name="inIt" is-config="true" duration-ms="8" started-at="2022-05-10T20:26:38 BST" finished-at="2022-05-10T20:26:38 BST">
          <reporter-output>
          </reporter-output>
        </test-method> <!-- inIt -->
        <test-method status="FAIL" signature="aColumbianNationalComingToTheUKToJoinAPartnerForALongStayTheyDoHaveAnArticle10Or20Card(java.lang.String,java.lang.String,java.lang.String,java.lang.String)[pri:0, instance:gov.uk.check.visa.testsuite.VisaConfirmationTest@53f65459]" name="aColumbianNationalComingToTheUKToJoinAPartnerForALongStayTheyDoHaveAnArticle10Or20Card" duration-ms="41441" started-at="2022-05-10T20:26:38 BST" finished-at="2022-05-10T20:27:19 BST">
          <params>
            <param index="0">
              <value>
                <![CDATA[Colombia]]>
              </value>
            </param>
            <param index="1">
              <value>
                <![CDATA[Join partner or family for a long stay]]>
              </value>
            </param>
            <param index="2">
              <value>
                <![CDATA[Youâ€™ll need a visa to join your family or partner in the UK]]>
              </value>
            </param>
            <param index="3">
              <value>
                <![CDATA[yes]]>
              </value>
            </param>
          </params>
          <exception class="org.openqa.selenium.NoSuchElementException">
            <message>
              <![CDATA[no such element: Unable to locate element: {"method":"xpath","selector":"/html[1]/body[1]/div[4]/div[1]/main[1]/div[1]/div[1]/div[2]/h2[1]"}
  (Session info: chrome=101.0.4951.54)
For documentation on this error, please visit: https://selenium.dev/exceptions/#no_such_element
Build info: version: '4.1.4', revision: '535d840ee2'
System info: host: 'LAPTOP-P441J84O', ip: '192.168.0.231', os.name: 'Windows 10', os.arch: 'amd64', os.version: '10.0', java.version: '1.8.0_121'
Driver info: org.openqa.selenium.chrome.ChromeDriver
Command: [111bd7b2dc113e6c705cd82c566dc0ba, findElement {using=xpath, value=/html[1]/body[1]/div[4]/div[1]/main[1]/div[1]/div[1]/div[2]/h2[1]}]
Capabilities {acceptInsecureCerts: false, browserName: chrome, browserVersion: 101.0.4951.54, chrome: {chromedriverVersion: 101.0.4951.41 (93c720db8323..., userDataDir: C:\Users\bhave\AppData\Loca...}, goog:chromeOptions: {debuggerAddress: localhost:51019}, javascriptEnabled: true, networkConnectionEnabled: false, pageLoadStrategy: normal, platform: WINDOWS, platformName: WINDOWS, proxy: Proxy(), se:cdp: ws://localhost:51019/devtoo..., se:cdpVersion: 101.0.4951.54, setWindowRect: true, strictFileInteractability: false, timeouts: {implicit: 0, pageLoad: 300000, script: 30000}, unhandledPromptBehavior: dismiss and notify, webauthn:extension:credBlob: true, webauthn:extension:largeBlob: true, webauthn:virtualAuthenticators: true}
Session ID: 111bd7b2dc113e6c705cd82c566dc0ba]]>
            </message>
            <full-stacktrace>
              <![CDATA[org.openqa.selenium.NoSuchElementException: no such element: Unable to locate element: {"method":"xpath","selector":"/html[1]/body[1]/div[4]/div[1]/main[1]/div[1]/div[1]/div[2]/h2[1]"}
  (Session info: chrome=101.0.4951.54)
For documentation on this error, please visit: https://selenium.dev/exceptions/#no_such_element
Build info: version: '4.1.4', revision: '535d840ee2'
System info: host: 'LAPTOP-P441J84O', ip: '192.168.0.231', os.name: 'Windows 10', os.arch: 'amd64', os.version: '10.0', java.version: '1.8.0_121'
Driver info: org.openqa.selenium.chrome.ChromeDriver
Command: [111bd7b2dc113e6c705cd82c566dc0ba, findElement {using=xpath, value=/html[1]/body[1]/div[4]/div[1]/main[1]/div[1]/div[1]/div[2]/h2[1]}]
Capabilities {acceptInsecureCerts: false, browserName: chrome, browserVersion: 101.0.4951.54, chrome: {chromedriverVersion: 101.0.4951.41 (93c720db8323..., userDataDir: C:\Users\bhave\AppData\Loca...}, goog:chromeOptions: {debuggerAddress: localhost:51019}, javascriptEnabled: true, networkConnectionEnabled: false, pageLoadStrategy: normal, platform: WINDOWS, platformName: WINDOWS, proxy: Proxy(), se:cdp: ws://localhost:51019/devtoo..., se:cdpVersion: 101.0.4951.54, setWindowRect: true, strictFileInteractability: false, timeouts: {implicit: 0, pageLoad: 300000, script: 30000}, unhandledPromptBehavior: dismiss and notify, webauthn:extension:credBlob: true, webauthn:extension:largeBlob: true, webauthn:virtualAuthenticators: true}
Session ID: 111bd7b2dc113e6c705cd82c566dc0ba
at sun.reflect.NativeConstructorAccessorImpl.newInstance0(Native Method)
at sun.reflect.NativeConstructorAccessorImpl.newInstance(NativeConstructorAccessorImpl.java:62)
at sun.reflect.DelegatingConstructorAccessorImpl.newInstance(DelegatingConstructorAccessorImpl.java:45)
at java.lang.reflect.Constructor.newInstance(Constructor.java:423)
at org.openqa.selenium.remote.codec.w3c.W3CHttpResponseCodec.createException(W3CHttpResponseCodec.java:200)
at org.openqa.selenium.remote.codec.w3c.W3CHttpResponseCodec.decode(W3CHttpResponseCodec.java:133)
at org.openqa.selenium.remote.codec.w3c.W3CHttpResponseCodec.decode(W3CHttpResponseCodec.java:53)
at org.openqa.selenium.remote.HttpCommandExecutor.execute(HttpCommandExecutor.java:184)
at org.openqa.selenium.remote.service.DriverCommandExecutor.invokeExecute(DriverCommandExecutor.java:167)
at org.openqa.selenium.remote.service.DriverCommandExecutor.execute(DriverCommandExecutor.java:142)
at org.openqa.selenium.remote.RemoteWebDriver.execute(RemoteWebDriver.java:567)
at org.openqa.selenium.remote.ElementLocation$ElementFinder$2.findElement(ElementLocation.java:162)
at org.openqa.selenium.remote.ElementLocation.findElement(ElementLocation.java:60)
at org.openqa.selenium.remote.RemoteWebDriver.findElement(RemoteWebDriver.java:385)
at org.openqa.selenium.remote.RemoteWebDriver.findElement(RemoteWebDriver.java:377)
at org.openqa.selenium.support.pagefactory.DefaultElementLocator.findElement(DefaultElementLocator.java:70)
at org.openqa.selenium.support.pagefactory.internal.LocatingElementHandler.invoke(LocatingElementHandler.java:39)
at com.sun.proxy.$Proxy14.getText(Unknown Source)
at gov.uk.check.visa.utility.Utility.getTextFromElement(Utility.java:68)
at gov.uk.check.visa.pages.ResultPage.getResultMessage(ResultPage.java:17)
at gov.uk.check.visa.pages.ResultPage.confirmResultMessage(ResultPage.java:21)
at gov.uk.check.visa.testsuite.VisaConfirmationTest.aColumbianNationalComingToTheUKToJoinAPartnerForALongStayTheyDoHaveAnArticle10Or20Card(VisaConfirmationTest.java:90)
at sun.reflect.NativeMethodAccessorImpl.invoke0(Native Method)
at sun.reflect.NativeMethodAccessorImpl.invoke(NativeMethodAccessorImpl.java:62)
at sun.reflect.DelegatingMethodAccessorImpl.invoke(DelegatingMethodAccessorImpl.java:43)
at java.lang.reflect.Method.invoke(Method.java:498)
at org.testng.internal.invokers.MethodInvocationHelper.invokeMethod(MethodInvocationHelper.java:135)
at org.testng.internal.invokers.TestInvoker.invokeMethod(TestInvoker.java:673)
at org.testng.internal.invokers.TestInvoker.invokeTestMethod(TestInvoker.java:220)
at org.testng.internal.invokers.MethodRunner.runInSequence(MethodRunner.java:50)
at org.testng.internal.invokers.TestInvoker$MethodInvocationAgent.invoke(TestInvoker.java:945)
at org.testng.internal.invokers.TestInvoker.invokeTestMethods(TestInvoker.java:193)
at org.testng.internal.invokers.TestMethodWorker.invokeTestMethods(TestMethodWorker.java:146)
at org.testng.internal.invokers.TestMethodWorker.run(TestMethodWorker.java:128)
at java.util.ArrayList.forEach(ArrayList.java:1249)
at org.testng.TestRunner.privateRun(TestRunner.java:808)
at org.testng.TestRunner.run(TestRunner.java:603)
at org.testng.SuiteRunner.runTest(SuiteRunner.java:429)
at org.testng.SuiteRunner.runSequentially(SuiteRunner.java:423)
at org.testng.SuiteRunner.privateRun(SuiteRunner.java:383)
at org.testng.SuiteRunner.run(SuiteRunner.java:326)
at org.testng.SuiteRunnerWorker.runSuite(SuiteRunnerWorker.java:52)
at org.testng.SuiteRunnerWorker.run(SuiteRunnerWorker.java:95)
at org.testng.TestNG.runSuitesSequentially(TestNG.java:1249)
at org.testng.TestNG.runSuitesLocally(TestNG.java:1169)
at org.testng.TestNG.runSuites(TestNG.java:1092)
at org.testng.TestNG.run(TestNG.java:1060)
at com.intellij.rt.testng.IDEARemoteTestNG.run(IDEARemoteTestNG.java:66)
at com.intellij.rt.testng.RemoteTestNGStarter.main(RemoteTestNGStarter.java:109)
]]>
            </full-stacktrace>
          </exception> <!-- org.openqa.selenium.NoSuchElementException -->
          <reporter-output>
            <line>
              <![CDATA[Click on start buttonProxy element for: DefaultElementLocator 'By.xpath: (//a[normalize-space()='Start now'])[1]'<br>]]>
            </line>
            <line>
              <![CDATA[select nationality[[ChromeDriver: chrome on WINDOWS (111bd7b2dc113e6c705cd82c566dc0ba)] -> xpath: //select[@class='govuk-select']]<br>]]>
            </line>
          </reporter-output>
        </test-method> <!-- aColumbianNationalComingToTheUKToJoinAPartnerForALongStayTheyDoHaveAnArticle10Or20Card -->
        <test-method status="PASS" signature="tearDown()[pri:0, instance:gov.uk.check.visa.testsuite.VisaConfirmationTest@53f65459]" name="tearDown" is-config="true" duration-ms="1970" started-at="2022-05-10T20:27:19 BST" finished-at="2022-05-10T20:27:21 BST">
          <reporter-output>
          </reporter-output>
        </test-method> <!-- tearDown -->
        <test-method status="PASS" signature="setUp()[pri:0, instance:gov.uk.check.visa.testsuite.VisaConfirmationTest@53f65459]" name="setUp" is-config="true" duration-ms="4220" started-at="2022-05-10T20:27:21 BST" finished-at="2022-05-10T20:27:26 BST">
          <reporter-output>
          </reporter-output>
        </test-method> <!-- setUp -->
        <test-method status="PASS" signature="inIt()[pri:0, instance:gov.uk.check.visa.testsuite.VisaConfirmationTest@53f65459]" name="inIt" is-config="true" duration-ms="13" started-at="2022-05-10T20:27:26 BST" finished-at="2022-05-10T20:27:26 BST">
          <reporter-output>
          </reporter-output>
        </test-method> <!-- inIt -->
        <test-method status="FAIL" signature="anAustralianComingToUKForTourism(java.lang.String,java.lang.String,java.lang.String)[pri:0, instance:gov.uk.check.visa.testsuite.VisaConfirmationTest@53f65459]" name="anAustralianComingToUKForTourism" duration-ms="41502" started-at="2022-05-10T20:27:26 BST" finished-at="2022-05-10T20:28:07 BST">
          <params>
            <param index="0">
              <value>
                <![CDATA[Australia]]>
              </value>
            </param>
            <param index="1">
              <value>
                <![CDATA[Tourism]]>
              </value>
            </param>
            <param index="2">
              <value>
                <![CDATA[You will not need a visa to come to the UK]]>
              </value>
            </param>
          </params>
          <exception class="org.openqa.selenium.NoSuchElementException">
            <message>
              <![CDATA[no such element: Unable to locate element: {"method":"xpath","selector":"/html[1]/body[1]/div[4]/div[1]/main[1]/div[1]/div[1]/div[2]/h2[1]"}
  (Session info: chrome=101.0.4951.54)
For documentation on this error, please visit: https://selenium.dev/exceptions/#no_such_element
Build info: version: '4.1.4', revision: '535d840ee2'
System info: host: 'LAPTOP-P441J84O', ip: '192.168.0.231', os.name: 'Windows 10', os.arch: 'amd64', os.version: '10.0', java.version: '1.8.0_121'
Driver info: org.openqa.selenium.chrome.ChromeDriver
Command: [56b0c5a114380d28be60f80ec81e026a, findElement {using=xpath, value=/html[1]/body[1]/div[4]/div[1]/main[1]/div[1]/div[1]/div[2]/h2[1]}]
Capabilities {acceptInsecureCerts: false, browserName: chrome, browserVersion: 101.0.4951.54, chrome: {chromedriverVersion: 101.0.4951.41 (93c720db8323..., userDataDir: C:\Users\bhave\AppData\Loca...}, goog:chromeOptions: {debuggerAddress: localhost:51060}, javascriptEnabled: true, networkConnectionEnabled: false, pageLoadStrategy: normal, platform: WINDOWS, platformName: WINDOWS, proxy: Proxy(), se:cdp: ws://localhost:51060/devtoo..., se:cdpVersion: 101.0.4951.54, setWindowRect: true, strictFileInteractability: false, timeouts: {implicit: 0, pageLoad: 300000, script: 30000}, unhandledPromptBehavior: dismiss and notify, webauthn:extension:credBlob: true, webauthn:extension:largeBlob: true, webauthn:virtualAuthenticators: true}
Session ID: 56b0c5a114380d28be60f80ec81e026a]]>
            </message>
            <full-stacktrace>
              <![CDATA[org.openqa.selenium.NoSuchElementException: no such element: Unable to locate element: {"method":"xpath","selector":"/html[1]/body[1]/div[4]/div[1]/main[1]/div[1]/div[1]/div[2]/h2[1]"}
  (Session info: chrome=101.0.4951.54)
For documentation on this error, please visit: https://selenium.dev/exceptions/#no_such_element
Build info: version: '4.1.4', revision: '535d840ee2'
System info: host: 'LAPTOP-P441J84O', ip: '192.168.0.231', os.name: 'Windows 10', os.arch: 'amd64', os.version: '10.0', java.version: '1.8.0_121'
Driver info: org.openqa.selenium.chrome.ChromeDriver
Command: [56b0c5a114380d28be60f80ec81e026a, findElement {using=xpath, value=/html[1]/body[1]/div[4]/div[1]/main[1]/div[1]/div[1]/div[2]/h2[1]}]
Capabilities {acceptInsecureCerts: false, browserName: chrome, browserVersion: 101.0.4951.54, chrome: {chromedriverVersion: 101.0.4951.41 (93c720db8323..., userDataDir: C:\Users\bhave\AppData\Loca...}, goog:chromeOptions: {debuggerAddress: localhost:51060}, javascriptEnabled: true, networkConnectionEnabled: false, pageLoadStrategy: normal, platform: WINDOWS, platformName: WINDOWS, proxy: Proxy(), se:cdp: ws://localhost:51060/devtoo..., se:cdpVersion: 101.0.4951.54, setWindowRect: true, strictFileInteractability: false, timeouts: {implicit: 0, pageLoad: 300000, script: 30000}, unhandledPromptBehavior: dismiss and notify, webauthn:extension:credBlob: true, webauthn:extension:largeBlob: true, webauthn:virtualAuthenticators: true}
Session ID: 56b0c5a114380d28be60f80ec81e026a
at sun.reflect.NativeConstructorAccessorImpl.newInstance0(Native Method)
at sun.reflect.NativeConstructorAccessorImpl.newInstance(NativeConstructorAccessorImpl.java:62)
at sun.reflect.DelegatingConstructorAccessorImpl.newInstance(DelegatingConstructorAccessorImpl.java:45)
at java.lang.reflect.Constructor.newInstance(Constructor.java:423)
at org.openqa.selenium.remote.codec.w3c.W3CHttpResponseCodec.createException(W3CHttpResponseCodec.java:200)
at org.openqa.selenium.remote.codec.w3c.W3CHttpResponseCodec.decode(W3CHttpResponseCodec.java:133)
at org.openqa.selenium.remote.codec.w3c.W3CHttpResponseCodec.decode(W3CHttpResponseCodec.java:53)
at org.openqa.selenium.remote.HttpCommandExecutor.execute(HttpCommandExecutor.java:184)
at org.openqa.selenium.remote.service.DriverCommandExecutor.invokeExecute(DriverCommandExecutor.java:167)
at org.openqa.selenium.remote.service.DriverCommandExecutor.execute(DriverCommandExecutor.java:142)
at org.openqa.selenium.remote.RemoteWebDriver.execute(RemoteWebDriver.java:567)
at org.openqa.selenium.remote.ElementLocation$ElementFinder$2.findElement(ElementLocation.java:162)
at org.openqa.selenium.remote.ElementLocation.findElement(ElementLocation.java:60)
at org.openqa.selenium.remote.RemoteWebDriver.findElement(RemoteWebDriver.java:385)
at org.openqa.selenium.remote.RemoteWebDriver.findElement(RemoteWebDriver.java:377)
at org.openqa.selenium.support.pagefactory.DefaultElementLocator.findElement(DefaultElementLocator.java:70)
at org.openqa.selenium.support.pagefactory.internal.LocatingElementHandler.invoke(LocatingElementHandler.java:39)
at com.sun.proxy.$Proxy14.getText(Unknown Source)
at gov.uk.check.visa.utility.Utility.getTextFromElement(Utility.java:68)
at gov.uk.check.visa.pages.ResultPage.getResultMessage(ResultPage.java:17)
at gov.uk.check.visa.pages.ResultPage.confirmResultMessage(ResultPage.java:21)
at gov.uk.check.visa.testsuite.VisaConfirmationTest.anAustralianComingToUKForTourism(VisaConfirmationTest.java:42)
at sun.reflect.NativeMethodAccessorImpl.invoke0(Native Method)
at sun.reflect.NativeMethodAccessorImpl.invoke(NativeMethodAccessorImpl.java:62)
at sun.reflect.DelegatingMethodAccessorImpl.invoke(DelegatingMethodAccessorImpl.java:43)
at java.lang.reflect.Method.invoke(Method.java:498)
at org.testng.internal.invokers.MethodInvocationHelper.invokeMethod(MethodInvocationHelper.java:135)
at org.testng.internal.invokers.TestInvoker.invokeMethod(TestInvoker.java:673)
at org.testng.internal.invokers.TestInvoker.invokeTestMethod(TestInvoker.java:220)
at org.testng.internal.invokers.MethodRunner.runInSequence(MethodRunner.java:50)
at org.testng.internal.invokers.TestInvoker$MethodInvocationAgent.invoke(TestInvoker.java:945)
at org.testng.internal.invokers.TestInvoker.invokeTestMethods(TestInvoker.java:193)
at org.testng.internal.invokers.TestMethodWorker.invokeTestMethods(TestMethodWorker.java:146)
at org.testng.internal.invokers.TestMethodWorker.run(TestMethodWorker.java:128)
at java.util.ArrayList.forEach(ArrayList.java:1249)
at org.testng.TestRunner.privateRun(TestRunner.java:808)
at org.testng.TestRunner.run(TestRunner.java:603)
at org.testng.SuiteRunner.runTest(SuiteRunner.java:429)
at org.testng.SuiteRunner.runSequentially(SuiteRunner.java:423)
at org.testng.SuiteRunner.privateRun(SuiteRunner.java:383)
at org.testng.SuiteRunner.run(SuiteRunner.java:326)
at org.testng.SuiteRunnerWorker.runSuite(SuiteRunnerWorker.java:52)
at org.testng.SuiteRunnerWorker.run(SuiteRunnerWorker.java:95)
at org.testng.TestNG.runSuitesSequentially(TestNG.java:1249)
at org.testng.TestNG.runSuitesLocally(TestNG.java:1169)
at org.testng.TestNG.runSuites(TestNG.java:1092)
at org.testng.TestNG.run(TestNG.java:1060)
at com.intellij.rt.testng.IDEARemoteTestNG.run(IDEARemoteTestNG.java:66)
at com.intellij.rt.testng.RemoteTestNGStarter.main(RemoteTestNGStarter.java:109)
]]>
            </full-stacktrace>
          </exception> <!-- org.openqa.selenium.NoSuchElementException -->
          <reporter-output>
            <line>
              <![CDATA[Click on start buttonProxy element for: DefaultElementLocator 'By.xpath: (//a[normalize-space()='Start now'])[1]'<br>]]>
            </line>
            <line>
              <![CDATA[select nationality[[ChromeDriver: chrome on WINDOWS (56b0c5a114380d28be60f80ec81e026a)] -> xpath: //select[@class='govuk-select']]<br>]]>
            </line>
          </reporter-output>
        </test-method> <!-- anAustralianComingToUKForTourism -->
        <test-method status="PASS" signature="tearDown()[pri:0, instance:gov.uk.check.visa.testsuite.VisaConfirmationTest@53f65459]" name="tearDown" is-config="true" duration-ms="735" started-at="2022-05-10T20:28:07 BST" finished-at="2022-05-10T20:28:08 BST">
          <reporter-output>
          </reporter-output>
        </test-method> <!-- tearDown -->
      </class> <!-- gov.uk.check.visa.testsuite.VisaConfirmationTest -->
    </test> <!-- VisaTest -->
  </suite> <!-- sanity suite -->
</testng-results>
